[17:49:45] [ServerMain/INFO]: Building unoptimized datafixer
[17:49:48] [ServerMain/INFO]: Environment: authHost='https://authserver.mojang.com', accountsHost='https://api.mojang.com', sessionHost='https://sessionserver.mojang.com', servicesHost='https://api.minecraftservices.com', name='PROD'
[17:49:48] [ServerMain/INFO]: Found new data pack file/bukkit, loading it automatically
[17:49:52] [ServerMain/INFO]: Loaded 7 recipes
[17:49:56] [Server thread/INFO]: Starting minecraft server version 1.19.2
[17:49:56] [Server thread/INFO]: Loading properties
[17:49:56] [Server thread/INFO]: This server is running Paper version git-Paper-307 (MC: 1.19.2) (Implementing API version 1.19.2-R0.1-SNAPSHOT) (Git: 476ef25)
[17:49:56] [Server thread/INFO]: Server Ping Player Sample Count: 12
[17:49:56] [Server thread/INFO]: Using 4 threads for Netty based IO
[17:49:56] [Server thread/INFO]: [ChunkTaskScheduler] Chunk system is using 1 I/O threads, 1 worker threads, and gen parallelism of 1 threads
[17:49:57] [Server thread/INFO]: Default game type: SURVIVAL
[17:49:57] [Server thread/INFO]: Generating keypair
[17:49:58] [Server thread/INFO]: Starting Minecraft server on *:25565
[17:49:59] [Server thread/INFO]: Using epoll channel type
[17:50:00] [Server thread/INFO]: Paper: Using libdeflate (Linux x86_64) compression from Velocity.
[17:50:00] [Server thread/INFO]: Paper: Using OpenSSL 1.1.x (Linux x86_64) cipher from Velocity.
[17:50:00] [Server thread/WARN]: **** SERVER IS RUNNING IN OFFLINE/INSECURE MODE!
[17:50:00] [Server thread/WARN]: The server will make no attempt to authenticate usernames. Beware.
[17:50:00] [Server thread/WARN]: While this makes the game possible to play without internet access, it also opens up the ability for hackers to connect with any username they choose.
[17:50:00] [Server thread/WARN]: To change this, set "online-mode" to "true" in the server.properties file.
[17:50:00] [Server thread/INFO]: Preparing level "world"
[17:50:32] [Server thread/INFO]: Preparing start region for dimension minecraft:overworld
[17:50:32] [Server thread/INFO]: Time elapsed: 479 ms
[17:50:32] [Server thread/INFO]: Preparing start region for dimension minecraft:the_nether
[17:50:33] [Server thread/INFO]: Time elapsed: 225 ms
[17:50:33] [Server thread/INFO]: Preparing start region for dimension minecraft:the_end
[17:50:33] [Server thread/INFO]: Time elapsed: 244 ms
[17:50:33] [Server thread/INFO]: Running delayed init tasks
[17:50:33] [Server thread/INFO]: Done (37.321s)! For help, type "help"
[17:50:33] [Server thread/INFO]: Timings Reset
